Using pre-set license
Built from '2020.3/staging' branch; Version is '2020.3.26f1 (7298b473bc1a) revision 7510196'; Using compiler version '192528614'; Build Type 'Release'
OS: 'Windows 11  (10.0.22000) 64bit Core' Language: 'en' Physical Memory: 16222 MB
BatchMode: 1, IsHumanControllingUs: 0, StartBugReporterOnCrash: 0, Is64bit: 1, IsPro: 0

COMMAND LINE ARGUMENTS:
C:\Program Files\Unity\Hub\Editor\2020.3.26f1\Editor\Unity.exe
-adb2
-batchMode
-noUpm
-name
AssetImportWorker0
-projectPath
C:/Users/Arabi/Documents/unity/Donkey_kong/Donkey_kong
-logFile
Logs/AssetImportWorker0.log
-srvPort
55357
Successfully changed project path to: C:/Users/Arabi/Documents/unity/Donkey_kong/Donkey_kong
C:/Users/Arabi/Documents/unity/Donkey_kong/Donkey_kong
Using Asset Import Pipeline V2.
Refreshing native plugins compatible for Editor in 36.19 ms, found 3 plugins.
Preloading 0 native plugins for Editor in 0.00 ms.
Initialize engine version: 2020.3.26f1 (7298b473bc1a)
[Subsystems] Discovering subsystems at path C:/Program Files/Unity/Hub/Editor/2020.3.26f1/Editor/Data/Resources/UnitySubsystems
[Subsystems] Discovering subsystems at path C:/Users/Arabi/Documents/unity/Donkey_kong/Donkey_kong/Assets
GfxDevice: creating device client; threaded=0
Direct3D:
    Version:  Direct3D 11.0 [level 11.1]
    Renderer: NVIDIA GeForce RTX 3060 (ID=0x2503)
    Vendor:   
    VRAM:     12143 MB
    Driver:   30.0.14.7208
Initialize mono
Mono path[0] = 'C:/Program Files/Unity/Hub/Editor/2020.3.26f1/Editor/Data/Managed'
Mono path[1] = 'C:/Program Files/Unity/Hub/Editor/2020.3.26f1/Editor/Data/MonoBleedingEdge/lib/mono/unityjit'
Mono config path = 'C:/Program Files/Unity/Hub/Editor/2020.3.26f1/Editor/Data/MonoBleedingEdge/etc'
Using monoOptions --debugger-agent=transport=dt_socket,embedding=1,server=y,suspend=n,address=127.0.0.1:56368
Begin MonoManager ReloadAssembly
Registering precompiled unity dll's ...
Register platform support module: C:/Program Files/Unity/Hub/Editor/2020.3.26f1/Editor/Data/PlaybackEngines/WindowsStandaloneSupport/UnityEditor.WindowsStandalone.Extensions.dll
Registered in 0.001534 seconds.
Native extension for WindowsStandalone target not found
Refreshing native plugins compatible for Editor in 34.21 ms, found 3 plugins.
Preloading 0 native plugins for Editor in 0.00 ms.
Mono: successfully reloaded assembly
- Completed reload, in  0.408 seconds
Domain Reload Profiling:
	ReloadAssembly (408ms)
		BeginReloadAssembly (40ms)
			ExecutionOrderSort (0ms)
			DisableScriptedObjects (0ms)
			BackupInstance (0ms)
			ReleaseScriptingObjects (0ms)
			CreateAndSetChildDomain (1ms)
		EndReloadAssembly (316ms)
			LoadAssemblies (38ms)
			RebuildTransferFunctionScriptingTraits (0ms)
			SetupTypeCache (96ms)
			ReleaseScriptCaches (0ms)
			RebuildScriptCaches (19ms)
			SetupLoadedEditorAssemblies (131ms)
				LogAssemblyErrors (0ms)
				InitializePlatformSupportModulesInManaged (3ms)
				SetLoadedEditorAssemblies (0ms)
				RefreshPlugins (34ms)
				BeforeProcessingInitializeOnLoad (7ms)
				ProcessInitializeOnLoadAttributes (63ms)
				ProcessInitializeOnLoadMethodAttributes (22ms)
				AfterProcessingInitializeOnLoad (0ms)
				EditorAssembliesLoaded (0ms)
			ExecutionOrderSort2 (0ms)
			AwakeInstancesAfterBackupRestoration (0ms)
Platform modules already initialized, skipping
Registering precompiled user dll's ...
Registered in 0.004456 seconds.
Begin MonoManager ReloadAssembly
Native extension for WindowsStandalone target not found
Refreshing native plugins compatible for Editor in 32.75 ms, found 3 plugins.
Preloading 0 native plugins for Editor in 0.00 ms.
Mono: successfully reloaded assembly
- Completed reload, in  0.777 seconds
Domain Reload Profiling:
	ReloadAssembly (778ms)
		BeginReloadAssembly (100ms)
			ExecutionOrderSort (0ms)
			DisableScriptedObjects (4ms)
			BackupInstance (0ms)
			ReleaseScriptingObjects (0ms)
			CreateAndSetChildDomain (15ms)
		EndReloadAssembly (633ms)
			LoadAssemblies (72ms)
			RebuildTransferFunctionScriptingTraits (0ms)
			SetupTypeCache (201ms)
			ReleaseScriptCaches (0ms)
			RebuildScriptCaches (30ms)
			SetupLoadedEditorAssemblies (252ms)
				LogAssemblyErrors (0ms)
				InitializePlatformSupportModulesInManaged (3ms)
				SetLoadedEditorAssemblies (0ms)
				RefreshPlugins (33ms)
				BeforeProcessingInitializeOnLoad (53ms)
				ProcessInitializeOnLoadAttributes (145ms)
				ProcessInitializeOnLoadMethodAttributes (13ms)
				AfterProcessingInitializeOnLoad (5ms)
				EditorAssembliesLoaded (0ms)
			ExecutionOrderSort2 (0ms)
			AwakeInstancesAfterBackupRestoration (5ms)
Platform modules already initialized, skipping
========================================================================
Worker process is ready to serve import requests
Launched and connected shader compiler UnityShaderCompiler.exe after 0.04 seconds
Refreshing native plugins compatible for Editor in 0.94 ms, found 3 plugins.
Preloading 0 native plugins for Editor in 0.00 ms.
Unloading 2197 Unused Serialized files (Serialized files now loaded: 0)
System memory in use before: 95.8 MB.
System memory in use after: 95.9 MB.

Unloading 28 unused Assets to reduce memory usage. Loaded Objects now: 2630.
Total: 2.390400 ms (FindLiveObjects: 0.187000 ms CreateObjectMapping: 0.053500 ms MarkObjects: 2.096100 ms  DeleteObjects: 0.053100 ms)

AssetImportParameters requested are different than current active one (requested -> active):
  custom:framework-win-MediaFoundation: 216162199b28c13a410421893ffa2e32 -> 
  custom:video-decoder-ogg-theora: a1e56fd34408186e4bbccfd4996cb3dc -> 
  custom:container-muxer-webm: aa71ff27fc2769a1b78a27578f13a17b -> 
  custom:container-demuxer-webm: 4f35f7cbe854078d1ac9338744f61a02 -> 
  custom:container-demuxer-ogg: 62fdf1f143b41e24485cea50d1cbac27 -> 
  custom:video-encoder-webm-vp8: eb34c28f22e8b96e1ab97ce403110664 -> 
  custom:video-codec-MediaFoundation-h265: 746d11721c4dcdbdad8f713fa42b33f4 -> 
  custom:video-decoder-webm-vp8: 9c59270c3fd7afecdb556c50c9e8de78 -> 
  custom:audio-decoder-ogg-vorbis: bf7c407c2cedff20999df2af8eb42d56 -> 
  custom:audio-encoder-webm-vorbis: bf7c407c2cedff20999df2af8eb42d56 -> 
========================================================================
Received Import Request.
  path: Assets
  artifactKey: Guid(00000000000000001000000000000000) Importer(815301076,1909f56bfc062723c751e8b465ee728b)
Start importing Assets using Guid(00000000000000001000000000000000) Importer(815301076,1909f56bfc062723c751e8b465ee728b)  -> (artifact id: '42d402b061de3733987d63b9cc3b64de') in 0.008664 seconds 
  Import took 0.012082 seconds .

========================================================================
Received Import Request.
  Time since last request: 6.527991 seconds.
  path: Assets/Prefabs
  artifactKey: Guid(44fb3d18567aef64d9e9071f1d98d59e) Importer(815301076,1909f56bfc062723c751e8b465ee728b)
Start importing Assets/Prefabs using Guid(44fb3d18567aef64d9e9071f1d98d59e) Importer(815301076,1909f56bfc062723c751e8b465ee728b)  -> (artifact id: '525e7af3221a943dfa27003a8157208d') in 0.007325 seconds 
  Import took 0.010348 seconds .

========================================================================
Received Import Request.
  Time since last request: 19.690406 seconds.
  path: Assets/Prefabs/Barrel.prefab
  artifactKey: Guid(53ba722d63ccc1149b9589815f44f2a1) Importer(815301076,1909f56bfc062723c751e8b465ee728b)
Start importing Assets/Prefabs/Barrel.prefab using Guid(53ba722d63ccc1149b9589815f44f2a1) Importer(815301076,1909f56bfc062723c751e8b465ee728b)  -> (artifact id: '3a60c5dc94449f98a8831df777ea110b') in 0.083792 seconds 
  Import took 0.087424 seconds .

========================================================================
Received Import Request.
  Time since last request: 58.559914 seconds.
  path: Assets/Prefabs/DonkeyKong.prefab
  artifactKey: Guid(74084445994a28a408cd2518c739795c) Importer(815301076,1909f56bfc062723c751e8b465ee728b)
Start importing Assets/Prefabs/DonkeyKong.prefab using Guid(74084445994a28a408cd2518c739795c) Importer(815301076,1909f56bfc062723c751e8b465ee728b)  -> (artifact id: 'f51f9da8e9f157a974a64dc61d57cf2a') in 0.014609 seconds 
  Import took 0.019573 seconds .

========================================================================
Received Import Request.
  Time since last request: 404.792367 seconds.
  path: Assets/Sprites/Platform.png
  artifactKey: Guid(1fa8c5aef33385045981b6300a6516a0) Importer(815301076,1909f56bfc062723c751e8b465ee728b)
Start importing Assets/Sprites/Platform.png using Guid(1fa8c5aef33385045981b6300a6516a0) Importer(815301076,1909f56bfc062723c751e8b465ee728b)  -> (artifact id: '3f9bb579878693b3d016d82a11dc08c8') in 0.104873 seconds 
  Import took 0.108221 seconds .

========================================================================
Received Import Request.
  Time since last request: 34.314967 seconds.
  path: Assets/Sprites/Ladder.png
  artifactKey: Guid(1dc187e629894a540955c28abe9c393f) Importer(815301076,1909f56bfc062723c751e8b465ee728b)
Start importing Assets/Sprites/Ladder.png using Guid(1dc187e629894a540955c28abe9c393f) Importer(815301076,1909f56bfc062723c751e8b465ee728b)  -> (artifact id: 'af7bf6e18c29437ecd79253293d2f871') in 0.025385 seconds 
  Import took 0.028781 seconds .

========================================================================
Received Import Request.
  Time since last request: 155.352647 seconds.
  path: Assets/Prefabs/Ladder.prefab
  artifactKey: Guid(25e724c1da0bf9449ba3c3c05ae77312) Importer(815301076,1909f56bfc062723c751e8b465ee728b)
Start importing Assets/Prefabs/Ladder.prefab using Guid(25e724c1da0bf9449ba3c3c05ae77312) Importer(815301076,1909f56bfc062723c751e8b465ee728b)  -> (artifact id: '491dad459a1edf1009a1af793bfb197f') in 0.012146 seconds 
  Import took 0.015769 seconds .

========================================================================
Received Import Request.
  Time since last request: 131.796200 seconds.
  path: Assets/Prefabs/Platform.prefab
  artifactKey: Guid(a385885385e2c0f4a9c983ee0fa97cd4) Importer(815301076,1909f56bfc062723c751e8b465ee728b)
Start importing Assets/Prefabs/Platform.prefab using Guid(a385885385e2c0f4a9c983ee0fa97cd4) Importer(815301076,1909f56bfc062723c751e8b465ee728b)  -> (artifact id: '2f8ff58b9aa07aa30a19504b4589578c') in 0.011705 seconds 
  Import took 0.015499 seconds .

========================================================================
Received Import Request.
  Time since last request: 236.701613 seconds.
  path: Assets/Prefabs/Mario.prefab
  artifactKey: Guid(3b8fb55e997bd49429fa4a2fcba813ea) Importer(815301076,1909f56bfc062723c751e8b465ee728b)
Start importing Assets/Prefabs/Mario.prefab using Guid(3b8fb55e997bd49429fa4a2fcba813ea) Importer(815301076,1909f56bfc062723c751e8b465ee728b)  -> (artifact id: '1f5aefefbf83a882ec204316cfa863fc') in 0.014109 seconds 
  Import took 0.018172 seconds .

========================================================================
Received Import Request.
  Time since last request: 87.630647 seconds.
  path: Assets/Prefabs/Princess.prefab
  artifactKey: Guid(7b21b33790044684bb6bc3bd4956c24e) Importer(815301076,1909f56bfc062723c751e8b465ee728b)
Start importing Assets/Prefabs/Princess.prefab using Guid(7b21b33790044684bb6bc3bd4956c24e) Importer(815301076,1909f56bfc062723c751e8b465ee728b)  -> (artifact id: 'ea62519fc4131bc31ae07d321b90119b') in 0.011755 seconds 
  Import took 0.015058 seconds .

