Using pre-set license
Built from '2020.3/staging' branch; Version is '2020.3.26f1 (7298b473bc1a) revision 7510196'; Using compiler version '192528614'; Build Type 'Release'
OS: 'Windows 11  (10.0.22000) 64bit Core' Language: 'en' Physical Memory: 16222 MB
BatchMode: 1, IsHumanControllingUs: 0, StartBugReporterOnCrash: 0, Is64bit: 1, IsPro: 0

COMMAND LINE ARGUMENTS:
C:\Program Files\Unity\Hub\Editor\2020.3.26f1\Editor\Unity.exe
-adb2
-batchMode
-noUpm
-name
AssetImportWorker0
-projectPath
C:/Users/Arabi/Documents/unity/Donkey_kong/Donkey_kong
-logFile
Logs/AssetImportWorker0.log
-srvPort
63821
Successfully changed project path to: C:/Users/Arabi/Documents/unity/Donkey_kong/Donkey_kong
C:/Users/Arabi/Documents/unity/Donkey_kong/Donkey_kong
Using Asset Import Pipeline V2.
Refreshing native plugins compatible for Editor in 168.27 ms, found 3 plugins.
Preloading 0 native plugins for Editor in 0.00 ms.
Initialize engine version: 2020.3.26f1 (7298b473bc1a)
[Subsystems] Discovering subsystems at path C:/Program Files/Unity/Hub/Editor/2020.3.26f1/Editor/Data/Resources/UnitySubsystems
[Subsystems] Discovering subsystems at path C:/Users/Arabi/Documents/unity/Donkey_kong/Donkey_kong/Assets
GfxDevice: creating device client; threaded=0
Direct3D:
    Version:  Direct3D 11.0 [level 11.1]
    Renderer: NVIDIA GeForce RTX 3060 (ID=0x2503)
    Vendor:   
    VRAM:     12143 MB
    Driver:   30.0.14.7208
Initialize mono
Mono path[0] = 'C:/Program Files/Unity/Hub/Editor/2020.3.26f1/Editor/Data/Managed'
Mono path[1] = 'C:/Program Files/Unity/Hub/Editor/2020.3.26f1/Editor/Data/MonoBleedingEdge/lib/mono/unityjit'
Mono config path = 'C:/Program Files/Unity/Hub/Editor/2020.3.26f1/Editor/Data/MonoBleedingEdge/etc'
Using monoOptions --debugger-agent=transport=dt_socket,embedding=1,server=y,suspend=n,address=127.0.0.1:56236
Begin MonoManager ReloadAssembly
Registering precompiled unity dll's ...
Register platform support module: C:/Program Files/Unity/Hub/Editor/2020.3.26f1/Editor/Data/PlaybackEngines/WindowsStandaloneSupport/UnityEditor.WindowsStandalone.Extensions.dll
Registered in 0.095566 seconds.
Native extension for WindowsStandalone target not found
Refreshing native plugins compatible for Editor in 35.23 ms, found 3 plugins.
Preloading 0 native plugins for Editor in 0.00 ms.
Mono: successfully reloaded assembly
- Completed reload, in  2.848 seconds
Domain Reload Profiling:
	ReloadAssembly (2849ms)
		BeginReloadAssembly (2037ms)
			ExecutionOrderSort (0ms)
			DisableScriptedObjects (0ms)
			BackupInstance (0ms)
			ReleaseScriptingObjects (0ms)
			CreateAndSetChildDomain (1ms)
		EndReloadAssembly (587ms)
			LoadAssemblies (2035ms)
			RebuildTransferFunctionScriptingTraits (0ms)
			SetupTypeCache (342ms)
			ReleaseScriptCaches (0ms)
			RebuildScriptCaches (22ms)
			SetupLoadedEditorAssemblies (140ms)
				LogAssemblyErrors (0ms)
				InitializePlatformSupportModulesInManaged (4ms)
				SetLoadedEditorAssemblies (0ms)
				RefreshPlugins (35ms)
				BeforeProcessingInitializeOnLoad (8ms)
				ProcessInitializeOnLoadAttributes (65ms)
				ProcessInitializeOnLoadMethodAttributes (28ms)
				AfterProcessingInitializeOnLoad (0ms)
				EditorAssembliesLoaded (0ms)
			ExecutionOrderSort2 (0ms)
			AwakeInstancesAfterBackupRestoration (0ms)
Platform modules already initialized, skipping
Registering precompiled user dll's ...
Registered in 0.482474 seconds.
Begin MonoManager ReloadAssembly
Native extension for WindowsStandalone target not found
Refreshing native plugins compatible for Editor in 33.68 ms, found 3 plugins.
Preloading 0 native plugins for Editor in 0.00 ms.
Mono: successfully reloaded assembly
- Completed reload, in  3.590 seconds
Domain Reload Profiling:
	ReloadAssembly (3596ms)
		BeginReloadAssembly (108ms)
			ExecutionOrderSort (0ms)
			DisableScriptedObjects (4ms)
			BackupInstance (0ms)
			ReleaseScriptingObjects (0ms)
			CreateAndSetChildDomain (18ms)
		EndReloadAssembly (3437ms)
			LoadAssemblies (1763ms)
			RebuildTransferFunctionScriptingTraits (0ms)
			SetupTypeCache (696ms)
			ReleaseScriptCaches (0ms)
			RebuildScriptCaches (32ms)
			SetupLoadedEditorAssemblies (865ms)
				LogAssemblyErrors (0ms)
				InitializePlatformSupportModulesInManaged (3ms)
				SetLoadedEditorAssemblies (0ms)
				RefreshPlugins (34ms)
				BeforeProcessingInitializeOnLoad (56ms)
				ProcessInitializeOnLoadAttributes (271ms)
				ProcessInitializeOnLoadMethodAttributes (496ms)
				AfterProcessingInitializeOnLoad (6ms)
				EditorAssembliesLoaded (0ms)
			ExecutionOrderSort2 (0ms)
			AwakeInstancesAfterBackupRestoration (6ms)
Platform modules already initialized, skipping
========================================================================
Worker process is ready to serve import requests
Launched and connected shader compiler UnityShaderCompiler.exe after 0.09 seconds
Refreshing native plugins compatible for Editor in 0.53 ms, found 3 plugins.
Preloading 0 native plugins for Editor in 0.00 ms.
Unloading 2197 Unused Serialized files (Serialized files now loaded: 0)
System memory in use before: 95.8 MB.
System memory in use after: 95.9 MB.

Unloading 28 unused Assets to reduce memory usage. Loaded Objects now: 2630.
Total: 2.707700 ms (FindLiveObjects: 0.173400 ms CreateObjectMapping: 0.052300 ms MarkObjects: 2.418200 ms  DeleteObjects: 0.062800 ms)

AssetImportParameters requested are different than current active one (requested -> active):
  custom:framework-win-MediaFoundation: 216162199b28c13a410421893ffa2e32 -> 
  custom:video-decoder-ogg-theora: a1e56fd34408186e4bbccfd4996cb3dc -> 
  custom:container-muxer-webm: aa71ff27fc2769a1b78a27578f13a17b -> 
  custom:container-demuxer-webm: 4f35f7cbe854078d1ac9338744f61a02 -> 
  custom:container-demuxer-ogg: 62fdf1f143b41e24485cea50d1cbac27 -> 
  custom:video-encoder-webm-vp8: eb34c28f22e8b96e1ab97ce403110664 -> 
  custom:video-codec-MediaFoundation-h265: 746d11721c4dcdbdad8f713fa42b33f4 -> 
  custom:video-decoder-webm-vp8: 9c59270c3fd7afecdb556c50c9e8de78 -> 
  custom:audio-decoder-ogg-vorbis: bf7c407c2cedff20999df2af8eb42d56 -> 
  custom:audio-encoder-webm-vorbis: bf7c407c2cedff20999df2af8eb42d56 -> 
========================================================================
Received Import Request.
  path: Assets/Sprite
  artifactKey: Guid(efcb2275ac674bc458b17652ab450dae) Importer(815301076,1909f56bfc062723c751e8b465ee728b)
Start importing Assets/Sprite using Guid(efcb2275ac674bc458b17652ab450dae) Importer(815301076,1909f56bfc062723c751e8b465ee728b)  -> (artifact id: 'b71ff35dcc3b80c1f1091a715c674fff') in 0.010440 seconds 
  Import took 0.013487 seconds .

========================================================================
Received Import Request.
  Time since last request: 12.735485 seconds.
  path: Assets/Sprites
  artifactKey: Guid(efcb2275ac674bc458b17652ab450dae) Importer(815301076,1909f56bfc062723c751e8b465ee728b)
Start importing Assets/Sprites using Guid(efcb2275ac674bc458b17652ab450dae) Importer(815301076,1909f56bfc062723c751e8b465ee728b)  -> (artifact id: '0842e120a49123b21e12f065304f8ad0') in 0.008741 seconds 
  Import took 0.012568 seconds .

========================================================================
Received Import Request.
  Time since last request: 265.288064 seconds.
  path: Assets/Sprites/Barrel.png
  artifactKey: Guid(9a37a4784fc790a42aa5b24f441f4a05) Importer(815301076,1909f56bfc062723c751e8b465ee728b)
Start importing Assets/Sprites/Barrel.png using Guid(9a37a4784fc790a42aa5b24f441f4a05) Importer(815301076,1909f56bfc062723c751e8b465ee728b)  -> (artifact id: '4794f2ab6cbd1d07dbe0717ed644a553') in 0.121587 seconds 
  Import took 0.124999 seconds .

========================================================================
Received Import Request.
  Time since last request: 0.000188 seconds.
  path: Assets/Sprites/Mario_Run3.png
  artifactKey: Guid(9b3389f161787f647bb8f449547ee668) Importer(815301076,1909f56bfc062723c751e8b465ee728b)
Start importing Assets/Sprites/Mario_Run3.png using Guid(9b3389f161787f647bb8f449547ee668) Importer(815301076,1909f56bfc062723c751e8b465ee728b)  -> (artifact id: '606b2b2481121a55bd7e0e3ea09566fe') in 0.015353 seconds 
  Import took 0.018088 seconds .

========================================================================
Received Import Request.
  Time since last request: 0.000232 seconds.
  path: Assets/Sprites/Mario_Run2.png
  artifactKey: Guid(6ed209537b4c3864fad2ae9dbebfeba0) Importer(815301076,1909f56bfc062723c751e8b465ee728b)
Start importing Assets/Sprites/Mario_Run2.png using Guid(6ed209537b4c3864fad2ae9dbebfeba0) Importer(815301076,1909f56bfc062723c751e8b465ee728b)  -> (artifact id: '604361fc84505f313d0a2c9f94c92d6f') in 0.016432 seconds 
  Import took 0.019447 seconds .

========================================================================
Received Import Request.
  Time since last request: 0.000165 seconds.
  path: Assets/Sprites/DonkeyKong.png
  artifactKey: Guid(c98ae5d3f1443ef43a6b2f55bafb6747) Importer(815301076,1909f56bfc062723c751e8b465ee728b)
Start importing Assets/Sprites/DonkeyKong.png using Guid(c98ae5d3f1443ef43a6b2f55bafb6747) Importer(815301076,1909f56bfc062723c751e8b465ee728b)  -> (artifact id: 'fa8ebf749e33dd33181c9b1d7ca295ca') in 0.014549 seconds 
  Import took 0.017648 seconds .

========================================================================
Received Import Request.
  Time since last request: 0.000212 seconds.
  path: Assets/Sprites/Mario_Climb.png
  artifactKey: Guid(662dbb4863ae48947a8edb1b375a2a50) Importer(815301076,1909f56bfc062723c751e8b465ee728b)
Start importing Assets/Sprites/Mario_Climb.png using Guid(662dbb4863ae48947a8edb1b375a2a50) Importer(815301076,1909f56bfc062723c751e8b465ee728b)  -> (artifact id: 'f0d37185ec3ab8aac6bfb130a5397cda') in 0.017643 seconds 
  Import took 0.020700 seconds .

========================================================================
Received Import Request.
  Time since last request: 0.000208 seconds.
  path: Assets/Sprites/Platform.png
  artifactKey: Guid(1fa8c5aef33385045981b6300a6516a0) Importer(815301076,1909f56bfc062723c751e8b465ee728b)
Start importing Assets/Sprites/Platform.png using Guid(1fa8c5aef33385045981b6300a6516a0) Importer(815301076,1909f56bfc062723c751e8b465ee728b)  -> (artifact id: 'da7d7479ef269eeb7f893240fded518c') in 0.015827 seconds 
  Import took 0.019110 seconds .

========================================================================
Received Import Request.
  Time since last request: 0.000209 seconds.
  path: Assets/Sprites/Princess.png
  artifactKey: Guid(92dec2582e0527843933b57110c86fac) Importer(815301076,1909f56bfc062723c751e8b465ee728b)
Start importing Assets/Sprites/Princess.png using Guid(92dec2582e0527843933b57110c86fac) Importer(815301076,1909f56bfc062723c751e8b465ee728b)  -> (artifact id: 'cb190c1f132d610ce42915590a8aa8e8') in 0.014816 seconds 
  Import took 0.018459 seconds .

========================================================================
Received Import Request.
  Time since last request: 0.000178 seconds.
  path: Assets/Sprites/Ladder.png
  artifactKey: Guid(1dc187e629894a540955c28abe9c393f) Importer(815301076,1909f56bfc062723c751e8b465ee728b)
Start importing Assets/Sprites/Ladder.png using Guid(1dc187e629894a540955c28abe9c393f) Importer(815301076,1909f56bfc062723c751e8b465ee728b)  -> (artifact id: 'f3a7228d1c800f3a31aa22962680386b') in 0.016639 seconds 
  Import took 0.019831 seconds .

========================================================================
Received Import Request.
  Time since last request: 0.000189 seconds.
  path: Assets/Sprites/Mario_Run1.png
  artifactKey: Guid(120bc13e99338c34e98a602ba8be399d) Importer(815301076,1909f56bfc062723c751e8b465ee728b)
Start importing Assets/Sprites/Mario_Run1.png using Guid(120bc13e99338c34e98a602ba8be399d) Importer(815301076,1909f56bfc062723c751e8b465ee728b)  -> (artifact id: '28311f57526f404e1c6e6e6bd11a81c5') in 0.016180 seconds 
  Import took 0.019510 seconds .

========================================================================
Received Import Request.
  Time since last request: 105.713401 seconds.
  path: Assets/Sprites/Barrel.png
  artifactKey: Guid(9a37a4784fc790a42aa5b24f441f4a05) Importer(815301076,1909f56bfc062723c751e8b465ee728b)
Start importing Assets/Sprites/Barrel.png using Guid(9a37a4784fc790a42aa5b24f441f4a05) Importer(815301076,1909f56bfc062723c751e8b465ee728b)  -> (artifact id: 'bd97c0a1c57e373bcf399967cd77b61d') in 0.012349 seconds 
  Import took 0.015784 seconds .

========================================================================
Received Import Request.
  Time since last request: 0.000180 seconds.
  path: Assets/Sprites/Mario_Run3.png
  artifactKey: Guid(9b3389f161787f647bb8f449547ee668) Importer(815301076,1909f56bfc062723c751e8b465ee728b)
Start importing Assets/Sprites/Mario_Run3.png using Guid(9b3389f161787f647bb8f449547ee668) Importer(815301076,1909f56bfc062723c751e8b465ee728b)  -> (artifact id: '2b5c8cdfcf9063157a2e45fc1689e599') in 0.010367 seconds 
  Import took 0.013990 seconds .

========================================================================
Received Import Request.
  Time since last request: 0.000195 seconds.
  path: Assets/Sprites/Mario_Run2.png
  artifactKey: Guid(6ed209537b4c3864fad2ae9dbebfeba0) Importer(815301076,1909f56bfc062723c751e8b465ee728b)
Start importing Assets/Sprites/Mario_Run2.png using Guid(6ed209537b4c3864fad2ae9dbebfeba0) Importer(815301076,1909f56bfc062723c751e8b465ee728b)  -> (artifact id: 'ab0f2850919ea151074788acbb548919') in 0.008385 seconds 
  Import took 0.011640 seconds .

========================================================================
Received Import Request.
  Time since last request: 0.000208 seconds.
  path: Assets/Sprites/DonkeyKong.png
  artifactKey: Guid(c98ae5d3f1443ef43a6b2f55bafb6747) Importer(815301076,1909f56bfc062723c751e8b465ee728b)
Start importing Assets/Sprites/DonkeyKong.png using Guid(c98ae5d3f1443ef43a6b2f55bafb6747) Importer(815301076,1909f56bfc062723c751e8b465ee728b)  -> (artifact id: 'eaa7e7cbd7bc137642fa25067ab37e77') in 0.008527 seconds 
  Import took 0.012063 seconds .

========================================================================
Received Import Request.
  Time since last request: 0.000170 seconds.
  path: Assets/Sprites/Mario_Climb.png
  artifactKey: Guid(662dbb4863ae48947a8edb1b375a2a50) Importer(815301076,1909f56bfc062723c751e8b465ee728b)
Start importing Assets/Sprites/Mario_Climb.png using Guid(662dbb4863ae48947a8edb1b375a2a50) Importer(815301076,1909f56bfc062723c751e8b465ee728b)  -> (artifact id: '5d13f4d2a5e2ea5c59e42205e983633f') in 0.009541 seconds 
  Import took 0.012703 seconds .

========================================================================
Received Import Request.
  Time since last request: 0.000203 seconds.
  path: Assets/Sprites/Platform.png
  artifactKey: Guid(1fa8c5aef33385045981b6300a6516a0) Importer(815301076,1909f56bfc062723c751e8b465ee728b)
Start importing Assets/Sprites/Platform.png using Guid(1fa8c5aef33385045981b6300a6516a0) Importer(815301076,1909f56bfc062723c751e8b465ee728b)  -> (artifact id: '0eff1b481ad2ba159ae8eb8a84072edd') in 0.008015 seconds 
  Import took 0.011179 seconds .

========================================================================
Received Import Request.
  Time since last request: 0.000185 seconds.
  path: Assets/Sprites/Princess.png
  artifactKey: Guid(92dec2582e0527843933b57110c86fac) Importer(815301076,1909f56bfc062723c751e8b465ee728b)
Start importing Assets/Sprites/Princess.png using Guid(92dec2582e0527843933b57110c86fac) Importer(815301076,1909f56bfc062723c751e8b465ee728b)  -> (artifact id: 'f5360851c0ef607f3e253234559b4412') in 0.013354 seconds 
  Import took 0.016848 seconds .

========================================================================
Received Import Request.
  Time since last request: 0.000231 seconds.
  path: Assets/Sprites/Ladder.png
  artifactKey: Guid(1dc187e629894a540955c28abe9c393f) Importer(815301076,1909f56bfc062723c751e8b465ee728b)
Start importing Assets/Sprites/Ladder.png using Guid(1dc187e629894a540955c28abe9c393f) Importer(815301076,1909f56bfc062723c751e8b465ee728b)  -> (artifact id: '993f418e2e836d54e7f888183a030698') in 0.008575 seconds 
  Import took 0.012252 seconds .

========================================================================
Received Import Request.
  Time since last request: 0.000198 seconds.
  path: Assets/Sprites/Mario_Run1.png
  artifactKey: Guid(120bc13e99338c34e98a602ba8be399d) Importer(815301076,1909f56bfc062723c751e8b465ee728b)
Start importing Assets/Sprites/Mario_Run1.png using Guid(120bc13e99338c34e98a602ba8be399d) Importer(815301076,1909f56bfc062723c751e8b465ee728b)  -> (artifact id: 'd1627b1cb81352e099069b10232107cd') in 0.008897 seconds 
  Import took 0.011955 seconds .

========================================================================
Received Import Request.
  Time since last request: 80.355567 seconds.
  path: Assets/Sprites/Barrel.png
  artifactKey: Guid(9a37a4784fc790a42aa5b24f441f4a05) Importer(815301076,1909f56bfc062723c751e8b465ee728b)
Start importing Assets/Sprites/Barrel.png using Guid(9a37a4784fc790a42aa5b24f441f4a05) Importer(815301076,1909f56bfc062723c751e8b465ee728b)  -> (artifact id: 'a1c0c4c7c45dc658ae265cc1742ddb89') in 0.014825 seconds 
  Import took 0.018382 seconds .

========================================================================
Received Import Request.
  Time since last request: 0.000184 seconds.
  path: Assets/Sprites/Mario_Run3.png
  artifactKey: Guid(9b3389f161787f647bb8f449547ee668) Importer(815301076,1909f56bfc062723c751e8b465ee728b)
Start importing Assets/Sprites/Mario_Run3.png using Guid(9b3389f161787f647bb8f449547ee668) Importer(815301076,1909f56bfc062723c751e8b465ee728b)  -> (artifact id: '7a9159d975c33c890a6b93a613b34da8') in 0.028448 seconds 
  Import took 0.031685 seconds .

========================================================================
Received Import Request.
  Time since last request: 0.000198 seconds.
  path: Assets/Sprites/Mario_Run2.png
  artifactKey: Guid(6ed209537b4c3864fad2ae9dbebfeba0) Importer(815301076,1909f56bfc062723c751e8b465ee728b)
Start importing Assets/Sprites/Mario_Run2.png using Guid(6ed209537b4c3864fad2ae9dbebfeba0) Importer(815301076,1909f56bfc062723c751e8b465ee728b)  -> (artifact id: 'e3b7e65dd60f8f979ddef5028182f2c2') in 0.031242 seconds 
  Import took 0.035145 seconds .

========================================================================
Received Import Request.
  Time since last request: 0.000193 seconds.
  path: Assets/Sprites/DonkeyKong.png
  artifactKey: Guid(c98ae5d3f1443ef43a6b2f55bafb6747) Importer(815301076,1909f56bfc062723c751e8b465ee728b)
Start importing Assets/Sprites/DonkeyKong.png using Guid(c98ae5d3f1443ef43a6b2f55bafb6747) Importer(815301076,1909f56bfc062723c751e8b465ee728b)  -> (artifact id: '1a598891606e97c259af14830918394c') in 0.015387 seconds 
  Import took 0.018687 seconds .

========================================================================
Received Import Request.
  Time since last request: 0.000197 seconds.
  path: Assets/Sprites/Mario_Climb.png
  artifactKey: Guid(662dbb4863ae48947a8edb1b375a2a50) Importer(815301076,1909f56bfc062723c751e8b465ee728b)
Start importing Assets/Sprites/Mario_Climb.png using Guid(662dbb4863ae48947a8edb1b375a2a50) Importer(815301076,1909f56bfc062723c751e8b465ee728b)  -> (artifact id: '87e004519c6e04992d557a60fae089ac') in 0.024144 seconds 
  Import took 0.027634 seconds .

========================================================================
Received Import Request.
  Time since last request: 0.000195 seconds.
  path: Assets/Sprites/Platform.png
  artifactKey: Guid(1fa8c5aef33385045981b6300a6516a0) Importer(815301076,1909f56bfc062723c751e8b465ee728b)
Start importing Assets/Sprites/Platform.png using Guid(1fa8c5aef33385045981b6300a6516a0) Importer(815301076,1909f56bfc062723c751e8b465ee728b)  -> (artifact id: '5333f6080ea2a0bc66ad3eb06c77563b') in 0.008098 seconds 
  Import took 0.012104 seconds .

========================================================================
Received Import Request.
  Time since last request: 0.000211 seconds.
  path: Assets/Sprites/Princess.png
  artifactKey: Guid(92dec2582e0527843933b57110c86fac) Importer(815301076,1909f56bfc062723c751e8b465ee728b)
Start importing Assets/Sprites/Princess.png using Guid(92dec2582e0527843933b57110c86fac) Importer(815301076,1909f56bfc062723c751e8b465ee728b)  -> (artifact id: '522f8d4deed7128947aa289695a32c34') in 0.009804 seconds 
  Import took 0.013272 seconds .

========================================================================
Received Import Request.
  Time since last request: 0.000181 seconds.
  path: Assets/Sprites/Ladder.png
  artifactKey: Guid(1dc187e629894a540955c28abe9c393f) Importer(815301076,1909f56bfc062723c751e8b465ee728b)
Start importing Assets/Sprites/Ladder.png using Guid(1dc187e629894a540955c28abe9c393f) Importer(815301076,1909f56bfc062723c751e8b465ee728b)  -> (artifact id: '4f153ecb895a6e059b2f4fda13cd1d18') in 0.008478 seconds 
  Import took 0.011629 seconds .

========================================================================
Received Import Request.
  Time since last request: 0.000193 seconds.
  path: Assets/Sprites/Mario_Run1.png
  artifactKey: Guid(120bc13e99338c34e98a602ba8be399d) Importer(815301076,1909f56bfc062723c751e8b465ee728b)
Start importing Assets/Sprites/Mario_Run1.png using Guid(120bc13e99338c34e98a602ba8be399d) Importer(815301076,1909f56bfc062723c751e8b465ee728b)  -> (artifact id: 'acee6fba474be4351cdb888c4c7a0165') in 0.012703 seconds 
  Import took 0.016217 seconds .

========================================================================
Received Import Request.
  Time since last request: 194.641226 seconds.
  path: Assets/Sprites/Ladder.png
  artifactKey: Guid(1dc187e629894a540955c28abe9c393f) Importer(815301076,1909f56bfc062723c751e8b465ee728b)
Start importing Assets/Sprites/Ladder.png using Guid(1dc187e629894a540955c28abe9c393f) Importer(815301076,1909f56bfc062723c751e8b465ee728b)  -> (artifact id: '5cee55386e1996efdfbeed7f4c74862f') in 0.011343 seconds 
  Import took 0.014564 seconds .

========================================================================
Received Import Request.
  Time since last request: 0.000219 seconds.
  path: Assets/Sprites/Platform.png
  artifactKey: Guid(1fa8c5aef33385045981b6300a6516a0) Importer(815301076,1909f56bfc062723c751e8b465ee728b)
Start importing Assets/Sprites/Platform.png using Guid(1fa8c5aef33385045981b6300a6516a0) Importer(815301076,1909f56bfc062723c751e8b465ee728b)  -> (artifact id: 'f47fe7f8e4c4b3034fb3a0cac69f602a') in 0.021674 seconds 
  Import took 0.025178 seconds .

========================================================================
Received Import Request.
  Time since last request: 96.310214 seconds.
  path: Assets/Sprites/Barrel.png
  artifactKey: Guid(9a37a4784fc790a42aa5b24f441f4a05) Importer(815301076,1909f56bfc062723c751e8b465ee728b)
Start importing Assets/Sprites/Barrel.png using Guid(9a37a4784fc790a42aa5b24f441f4a05) Importer(815301076,1909f56bfc062723c751e8b465ee728b)  -> (artifact id: '769f71b72afb8ac23a4e35965a822657') in 0.016365 seconds 
  Import took 0.019781 seconds .

========================================================================
Received Import Request.
  Time since last request: 0.000213 seconds.
  path: Assets/Sprites/Mario_Run3.png
  artifactKey: Guid(9b3389f161787f647bb8f449547ee668) Importer(815301076,1909f56bfc062723c751e8b465ee728b)
Start importing Assets/Sprites/Mario_Run3.png using Guid(9b3389f161787f647bb8f449547ee668) Importer(815301076,1909f56bfc062723c751e8b465ee728b)  -> (artifact id: '1fa0cb10aba890f0ccee053cf2ecd10b') in 0.014513 seconds 
  Import took 0.018019 seconds .

========================================================================
Received Import Request.
  Time since last request: 0.000192 seconds.
  path: Assets/Sprites/Mario_Run2.png
  artifactKey: Guid(6ed209537b4c3864fad2ae9dbebfeba0) Importer(815301076,1909f56bfc062723c751e8b465ee728b)
Start importing Assets/Sprites/Mario_Run2.png using Guid(6ed209537b4c3864fad2ae9dbebfeba0) Importer(815301076,1909f56bfc062723c751e8b465ee728b)  -> (artifact id: '4fd196a5426bf03478ed121c4e8875a3') in 0.015413 seconds 
  Import took 0.019327 seconds .

========================================================================
Received Import Request.
  Time since last request: 0.000184 seconds.
  path: Assets/Sprites/DonkeyKong.png
  artifactKey: Guid(c98ae5d3f1443ef43a6b2f55bafb6747) Importer(815301076,1909f56bfc062723c751e8b465ee728b)
Start importing Assets/Sprites/DonkeyKong.png using Guid(c98ae5d3f1443ef43a6b2f55bafb6747) Importer(815301076,1909f56bfc062723c751e8b465ee728b)  -> (artifact id: '850c841dc4cd7f427b9e7e943cd6526f') in 0.008271 seconds 
  Import took 0.011574 seconds .

========================================================================
Received Import Request.
  Time since last request: 0.000188 seconds.
  path: Assets/Sprites/Mario_Climb.png
  artifactKey: Guid(662dbb4863ae48947a8edb1b375a2a50) Importer(815301076,1909f56bfc062723c751e8b465ee728b)
Start importing Assets/Sprites/Mario_Climb.png using Guid(662dbb4863ae48947a8edb1b375a2a50) Importer(815301076,1909f56bfc062723c751e8b465ee728b)  -> (artifact id: 'c0043731ac145aaaf0d98944152c542e') in 0.008208 seconds 
  Import took 0.011633 seconds .

========================================================================
Received Import Request.
  Time since last request: 0.000207 seconds.
  path: Assets/Sprites/Princess.png
  artifactKey: Guid(92dec2582e0527843933b57110c86fac) Importer(815301076,1909f56bfc062723c751e8b465ee728b)
Start importing Assets/Sprites/Princess.png using Guid(92dec2582e0527843933b57110c86fac) Importer(815301076,1909f56bfc062723c751e8b465ee728b)  -> (artifact id: '455232ab14af9d559a420e49aee60fd8') in 0.009355 seconds 
  Import took 0.012657 seconds .

========================================================================
Received Import Request.
  Time since last request: 0.000204 seconds.
  path: Assets/Sprites/Mario_Run1.png
  artifactKey: Guid(120bc13e99338c34e98a602ba8be399d) Importer(815301076,1909f56bfc062723c751e8b465ee728b)
Start importing Assets/Sprites/Mario_Run1.png using Guid(120bc13e99338c34e98a602ba8be399d) Importer(815301076,1909f56bfc062723c751e8b465ee728b)  -> (artifact id: 'a2f7a141bc202af0996ebb4d0fd64631') in 0.008662 seconds 
  Import took 0.011702 seconds .

